<?xml version="1.0" encoding="UTF-8"?>
<!-- Generated by org.testng.reporters.JUnitReportReporter -->
<testsuite hostname="RKAINS007" failures="0" tests="1" name="d.dd" time="6.344" errors="0" timestamp="28 Aug 2023 09:09:28 GMT">
  <testcase classname="d.dd" name="jioMart" time="6.344"/>
</testsuite>
